This file contains any messages produced by compilers while
running configure, to aid debugging if configure makes a mistake.

It was created by scribe configure 1.5.0, which was
generated by GNU Autoconf 2.63.  Invocation command line was

  $ ./configure --with-hadooppath=/usr/lib/hadoop --enable-hdfs CPPFLAGS=-I/usr/java/jdk1.7.0_45/include -I/usr/java/jdk1.7.0_45/include/linux LDFLAGS=-L/usr/java/jdk1.7.0_45/jre/lib/amd64/server/libjvm.so -L/usr/lib64/libhdfs.so --prefix=/usr/local/scribe --with-boost-filesystem=boost_filesystem

## --------- ##
## Platform. ##
## --------- ##

hostname = CH36
uname -m = x86_64
uname -r = 2.6.32-220.el6.x86_64
uname -s = Linux
uname -v = #1 SMP Wed Nov 9 08:03:13 EST 2011

/usr/bin/uname -p = unknown
/bin/uname -X     = unknown

/bin/arch              = x86_64
/usr/bin/arch -k       = unknown
/usr/convex/getsysinfo = unknown
/usr/bin/hostinfo      = unknown
/bin/machine           = unknown
/usr/bin/oslevel       = unknown
/bin/universe          = unknown

PATH: /usr/lib64/qt-3.3/bin
PATH: /usr/local/sbin
PATH: /usr/local/bin
PATH: /sbin
PATH: /bin
PATH: /usr/sbin
PATH: /usr/bin
PATH: /usr/java/jdk1.7.0_45/bin
PATH: /opt/mongodb/bin
PATH: /root/bin
PATH: /usr/java/jdk1.7.0_45/bin
PATH: /usr/java/jdk1.7.0_45/bin


## ----------- ##
## Core tests. ##
## ----------- ##

configure:1924: checking for a BSD-compatible install
configure:1992: result: /usr/bin/install -c
configure:2003: checking whether build environment is sane
configure:2063: result: yes
configure:2204: checking for a thread-safe mkdir -p
configure:2243: result: /bin/mkdir -p
configure:2256: checking for gawk
configure:2272: found /bin/gawk
configure:2283: result: gawk
configure:2294: checking whether make sets $(MAKE)
configure:2316: result: yes
configure:2411: checking for style of include used by make
configure:2439: result: GNU
configure:2573: checking for gcc
configure:2589: found /usr/bin/gcc
configure:2600: result: gcc
configure:2832: checking for C compiler version
configure:2840: gcc --version >&5
gcc (GCC) 4.4.7 20120313 (Red Hat 4.4.7-4)
Copyright (C) 2010 Free Software Foundation, Inc.
This is free software; see the source for copying conditions.  There is NO
warranty; not even for MERCHANTABILITY or FITNESS FOR A PARTICULAR PURPOSE.

configure:2844: $? = 0
configure:2851: gcc -v >&5
Using built-in specs.
Target: x86_64-redhat-linux
Configured with: ../configure --prefix=/usr --mandir=/usr/share/man --infodir=/usr/share/info --with-bugurl=http://bugzilla.redhat.com/bugzilla --enable-bootstrap --enable-shared --enable-threads=posix --enable-checking=release --with-system-zlib --enable-__cxa_atexit --disable-libunwind-exceptions --enable-gnu-unique-object --enable-languages=c,c++,objc,obj-c++,java,fortran,ada --enable-java-awt=gtk --disable-dssi --with-java-home=/usr/lib/jvm/java-1.5.0-gcj-1.5.0.0/jre --enable-libgcj-multifile --enable-java-maintainer-mode --with-ecj-jar=/usr/share/java/eclipse-ecj.jar --disable-libjava-multilib --with-ppl --with-cloog --with-tune=generic --with-arch_32=i686 --build=x86_64-redhat-linux
Thread model: posix
gcc version 4.4.7 20120313 (Red Hat 4.4.7-4) (GCC) 
configure:2855: $? = 0
configure:2862: gcc -V >&5
gcc: '-V' option must have argument
configure:2866: $? = 1
configure:2889: checking for C compiler default output file name
configure:2911: gcc  -I/usr/java/jdk1.7.0_45/include -I/usr/java/jdk1.7.0_45/include/linux -L/usr/java/jdk1.7.0_45/jre/lib/amd64/server/libjvm.so -L/usr/lib64/libhdfs.so conftest.c  >&5
configure:2915: $? = 0
configure:2953: result: a.out
configure:2972: checking whether the C compiler works
configure:2982: ./a.out
configure:2986: $? = 0
configure:3005: result: yes
configure:3012: checking whether we are cross compiling
configure:3014: result: no
configure:3017: checking for suffix of executables
configure:3024: gcc -o conftest  -I/usr/java/jdk1.7.0_45/include -I/usr/java/jdk1.7.0_45/include/linux -L/usr/java/jdk1.7.0_45/jre/lib/amd64/server/libjvm.so -L/usr/lib64/libhdfs.so conftest.c  >&5
configure:3028: $? = 0
configure:3054: result: 
configure:3060: checking for suffix of object files
configure:3086: gcc -c  -I/usr/java/jdk1.7.0_45/include -I/usr/java/jdk1.7.0_45/include/linux conftest.c >&5
configure:3090: $? = 0
configure:3115: result: o
configure:3119: checking whether we are using the GNU C compiler
configure:3148: gcc -c  -I/usr/java/jdk1.7.0_45/include -I/usr/java/jdk1.7.0_45/include/linux conftest.c >&5
configure:3155: $? = 0
configure:3172: result: yes
configure:3181: checking whether gcc accepts -g
configure:3211: gcc -c -g -I/usr/java/jdk1.7.0_45/include -I/usr/java/jdk1.7.0_45/include/linux conftest.c >&5
configure:3218: $? = 0
configure:3319: result: yes
configure:3336: checking for gcc option to accept ISO C89
configure:3410: gcc  -c -g -O2 -I/usr/java/jdk1.7.0_45/include -I/usr/java/jdk1.7.0_45/include/linux conftest.c >&5
configure:3417: $? = 0
configure:3440: result: none needed
configure:3460: checking dependency style of gcc
configure:3570: result: gcc3
configure:3587: checking dependency style of gcc
configure:3697: result: gcc3
configure:3770: checking for g++
configure:3786: found /usr/bin/g++
configure:3797: result: g++
configure:3824: checking for C++ compiler version
configure:3832: g++ --version >&5
g++ (GCC) 4.4.7 20120313 (Red Hat 4.4.7-4)
Copyright (C) 2010 Free Software Foundation, Inc.
This is free software; see the source for copying conditions.  There is NO
warranty; not even for MERCHANTABILITY or FITNESS FOR A PARTICULAR PURPOSE.

configure:3836: $? = 0
configure:3843: g++ -v >&5
Using built-in specs.
Target: x86_64-redhat-linux
Configured with: ../configure --prefix=/usr --mandir=/usr/share/man --infodir=/usr/share/info --with-bugurl=http://bugzilla.redhat.com/bugzilla --enable-bootstrap --enable-shared --enable-threads=posix --enable-checking=release --with-system-zlib --enable-__cxa_atexit --disable-libunwind-exceptions --enable-gnu-unique-object --enable-languages=c,c++,objc,obj-c++,java,fortran,ada --enable-java-awt=gtk --disable-dssi --with-java-home=/usr/lib/jvm/java-1.5.0-gcj-1.5.0.0/jre --enable-libgcj-multifile --enable-java-maintainer-mode --with-ecj-jar=/usr/share/java/eclipse-ecj.jar --disable-libjava-multilib --with-ppl --with-cloog --with-tune=generic --with-arch_32=i686 --build=x86_64-redhat-linux
Thread model: posix
gcc version 4.4.7 20120313 (Red Hat 4.4.7-4) (GCC) 
configure:3847: $? = 0
configure:3854: g++ -V >&5
g++: '-V' option must have argument
configure:3858: $? = 1
configure:3861: checking whether we are using the GNU C++ compiler
configure:3890: g++ -c  -I/usr/java/jdk1.7.0_45/include -I/usr/java/jdk1.7.0_45/include/linux conftest.cpp >&5
configure:3897: $? = 0
configure:3914: result: yes
configure:3923: checking whether g++ accepts -g
configure:3953: g++ -c -g -I/usr/java/jdk1.7.0_45/include -I/usr/java/jdk1.7.0_45/include/linux conftest.cpp >&5
configure:3960: $? = 0
configure:4061: result: yes
configure:4086: checking dependency style of g++
configure:4196: result: gcc3
configure:4213: checking dependency style of g++
configure:4323: result: gcc3
configure:4381: checking for ranlib
configure:4397: found /usr/bin/ranlib
configure:4408: result: ranlib
configure:4434: checking for bash
configure:4464: result: /bin/sh
configure:4479: checking for perl
configure:4497: found /usr/bin/perl
configure:4509: result: /usr/bin/perl
configure:4524: checking for python
configure:4542: found /usr/bin/python
configure:4554: result: /usr/bin/python
configure:4569: checking for ar
configure:4587: found /usr/bin/ar
configure:4599: result: /usr/bin/ar
configure:4614: checking for ant
configure:4647: result: no
configure:4671: checking Checking EXTERNAL_PATH set to
configure:4703: result: /opt/scribe
configure:4726: checking whether to enable optimized build
configure:4748: result: yes
configure:4772: checking whether to enable static mode
configure:4798: result: yes
configure:4827: checking whether to enable FACEBOOK
configure:4864: result: no
configure:4871: checking whether to enable USE_SCRIBE_HDFS
configure:4908: result: yes
configure:4919: checking Checking thrift_home set to
configure:4937: result: /usr/local
configure:4943: checking Checking fb303_home set to
configure:4961: result: /usr/local
configure:4967: checking Checking smc_home set to
configure:4985: result: /opt/scribe/services/trunk/src
configure:4991: checking Checking fb_home set to
configure:5009: result: /opt/scribe/libfacebook
configure:5015: checking Checking hadoop_home set to
configure:5033: result: /usr/lib/hadoop
configure:5069: checking for boostlib >= 1.36
configure:5129: g++ -c -Wall -O3 -I/usr/java/jdk1.7.0_45/include -I/usr/java/jdk1.7.0_45/include/linux -I/usr/include conftest.cpp >&5
configure:5136: $? = 0
configure:5142: result: yes
configure:5319: checking build system type
configure:5337: result: x86_64-unknown-linux-gnu
configure:5392: checking whether the Boost::System library is available
configure:5426: g++ -c -Wall -O3 -I/usr/java/jdk1.7.0_45/include -I/usr/java/jdk1.7.0_45/include/linux -I/usr/include conftest.cpp >&5
conftest.cpp: In function 'int main()':
conftest.cpp:17: warning: statement has no effect
configure:5433: $? = 0
configure:5456: result: yes
configure:5754: checking whether the Boost::Filesystem library is available
configure:5788: g++ -c -Wall -O3 -I/usr/java/jdk1.7.0_45/include -I/usr/java/jdk1.7.0_45/include/linux -I/usr/include conftest.cpp >&5
configure:5795: $? = 0
configure:5817: result: yes
configure:5990: checking for exit in -lboost_filesystem
configure:6025: gcc -o conftest -Wall -O3 -I/usr/java/jdk1.7.0_45/include -I/usr/java/jdk1.7.0_45/include/linux -I/usr/include -L/usr/java/jdk1.7.0_45/jre/lib/amd64/server/libjvm.so -L/usr/lib64/libhdfs.so -L/usr/lib conftest.c -lboost_filesystem   >&5
conftest.c:21: warning: conflicting types for built-in function 'exit'
configure:6032: $? = 0
configure:6055: result: yes
configure:6320: creating ./config.status

## ---------------------- ##
## Running config.status. ##
## ---------------------- ##

This file was extended by scribe config.status 1.5.0, which was
generated by GNU Autoconf 2.63.  Invocation command line was

  CONFIG_FILES    = 
  CONFIG_HEADERS  = 
  CONFIG_LINKS    = 
  CONFIG_COMMANDS = 
  $ ./config.status 

on CH36

config.status:737: creating Makefile
config.status:737: creating src/Makefile
config.status:737: creating lib/py/Makefile
config.status:948: executing depfiles commands

## ---------------- ##
## Cache variables. ##
## ---------------- ##

ac_cv_build=x86_64-unknown-linux-gnu
ac_cv_c_compiler_gnu=yes
ac_cv_cxx_compiler_gnu=yes
ac_cv_env_CCC_set=
ac_cv_env_CCC_value=
ac_cv_env_CC_set=
ac_cv_env_CC_value=
ac_cv_env_CFLAGS_set=
ac_cv_env_CFLAGS_value=
ac_cv_env_CPPFLAGS_set=set
ac_cv_env_CPPFLAGS_value='-I/usr/java/jdk1.7.0_45/include -I/usr/java/jdk1.7.0_45/include/linux'
ac_cv_env_CXXFLAGS_set=
ac_cv_env_CXXFLAGS_value=
ac_cv_env_CXX_set=
ac_cv_env_CXX_value=
ac_cv_env_LDFLAGS_set=set
ac_cv_env_LDFLAGS_value='-L/usr/java/jdk1.7.0_45/jre/lib/amd64/server/libjvm.so -L/usr/lib64/libhdfs.so'
ac_cv_env_LIBS_set=
ac_cv_env_LIBS_value=
ac_cv_env_PY_PREFIX_set=
ac_cv_env_PY_PREFIX_value=
ac_cv_env_build_alias_set=
ac_cv_env_build_alias_value=
ac_cv_env_host_alias_set=
ac_cv_env_host_alias_value=
ac_cv_env_target_alias_set=
ac_cv_env_target_alias_value=
ac_cv_lib_boost_filesystem___exit=yes
ac_cv_objext=o
ac_cv_path_AR=/usr/bin/ar
ac_cv_path_BASH=/bin/sh
ac_cv_path_PERL=/usr/bin/perl
ac_cv_path_PYTHON=/usr/bin/python
ac_cv_path_install='/usr/bin/install -c'
ac_cv_path_mkdir=/bin/mkdir
ac_cv_prog_AWK=gawk
ac_cv_prog_ac_ct_CC=gcc
ac_cv_prog_ac_ct_CXX=g++
ac_cv_prog_ac_ct_RANLIB=ranlib
ac_cv_prog_cc_c89=
ac_cv_prog_cc_g=yes
ac_cv_prog_cxx_g=yes
ac_cv_prog_make_make_set=yes
am_cv_CC_dependencies_compiler_type=gcc3
am_cv_CXX_dependencies_compiler_type=gcc3
ax_cv_boost_filesystem=yes
ax_cv_boost_system=yes

## ----------------- ##
## Output variables. ##
## ----------------- ##

ACLOCAL='${SHELL} /opt/scribe/missing --run aclocal-1.11'
AMDEPBACKSLASH='\'
AMDEP_FALSE='#'
AMDEP_TRUE=''
AMTAR='${SHELL} /opt/scribe/missing --run tar'
ANT=''
AR='/usr/bin/ar'
AUTOCONF='${SHELL} /opt/scribe/missing --run autoconf'
AUTOHEADER='${SHELL} /opt/scribe/missing --run autoheader'
AUTOMAKE='${SHELL} /opt/scribe/missing --run automake-1.11'
AWK='gawk'
BASH='/bin/sh'
BOOST_CPPFLAGS='-I/usr/include'
BOOST_FILESYSTEM_LIB='-lboost_filesystem'
BOOST_LDFLAGS='-L/usr/lib'
BOOST_SYSTEM_LIB=''
CC='gcc'
CCDEPMODE='depmode=gcc3'
CFLAGS='-Wall -O3'
CPPFLAGS='-I/usr/java/jdk1.7.0_45/include -I/usr/java/jdk1.7.0_45/include/linux'
CXX='g++'
CXXDEPMODE='depmode=gcc3'
CXXFLAGS='-Wall -O3'
CYGPATH_W='echo'
DEBUG_FALSE=''
DEBUG_TRUE='#'
DEFS='-DPACKAGE_NAME=\"scribe\" -DPACKAGE_TARNAME=\"scribe\" -DPACKAGE_VERSION=\"1.5.0\" -DPACKAGE_STRING=\"scribe\ 1.5.0\" -DPACKAGE_BUGREPORT=\"\" -DPACKAGE=\"scribe\" -DVERSION=\"1.5.0\" -DUSE_SCRIBE_HDFS=1 -DHAVE_BOOST=/\*\*/ -DHAVE_BOOST_SYSTEM=/\*\*/ -DHAVE_BOOST_FILESYSTEM=/\*\*/'
DEPDIR='.deps'
ECHO_C=''
ECHO_N='-n'
ECHO_T=''
EXEEXT=''
EXTERNAL_PATH='/opt/scribe'
FACEBOOK_FALSE=''
FACEBOOK_TRUE='#'
GLOBAL_FOOTER_MK='include /opt/scribe/global_footer.mk'
GLOBAL_HEADER_MK='include /opt/scribe/global_header.mk'
INSTALL_DATA='${INSTALL} -m 644'
INSTALL_PROGRAM='${INSTALL}'
INSTALL_SCRIPT='${INSTALL}'
INSTALL_STRIP_PROGRAM='$(install_sh) -c -s'
LDFLAGS='-L/usr/java/jdk1.7.0_45/jre/lib/amd64/server/libjvm.so -L/usr/lib64/libhdfs.so'
LIBOBJS=''
LIBS=''
LTLIBOBJS=''
LTYPE='.a'
MAKEINFO='${SHELL} /opt/scribe/missing --run makeinfo'
MKDIR_P='/bin/mkdir -p'
OBJEXT='o'
OPT_FALSE='#'
OPT_TRUE=''
PACKAGE='scribe'
PACKAGE_BUGREPORT=''
PACKAGE_NAME='scribe'
PACKAGE_STRING='scribe 1.5.0'
PACKAGE_TARNAME='scribe'
PACKAGE_VERSION='1.5.0'
PATH_SEPARATOR=':'
PERL='/usr/bin/perl'
PRODUCT_MK=''
PYTHON='/usr/bin/python'
PY_PREFIX='/usr'
RANLIB='ranlib'
SET_MAKE=''
SHARED_CFLAGS=''
SHARED_CXXFLAGS=''
SHARED_FALSE=''
SHARED_LDFLAGS=''
SHARED_TRUE='#'
SHELL='/bin/sh'
STATIC_FALSE='#'
STATIC_TRUE=''
STRIP=''
USE_SCRIBE_HDFS_FALSE='#'
USE_SCRIBE_HDFS_TRUE=''
VERSION='1.5.0'
ac_ct_CC='gcc'
ac_ct_CXX='g++'
am__EXEEXT_FALSE=''
am__EXEEXT_TRUE='#'
am__fastdepCC_FALSE='#'
am__fastdepCC_TRUE=''
am__fastdepCXX_FALSE='#'
am__fastdepCXX_TRUE=''
am__include='include'
am__isrc=''
am__leading_dot='.'
am__quote=''
am__tar='${AMTAR} chof - "$$tardir"'
am__untar='${AMTAR} xf -'
bindir='${exec_prefix}/bin'
build='x86_64-unknown-linux-gnu'
build_alias=''
build_cpu='x86_64'
build_os='linux-gnu'
build_vendor='unknown'
datadir='${datarootdir}'
datarootdir='${prefix}/share'
docdir='${datarootdir}/doc/${PACKAGE_TARNAME}'
dvidir='${docdir}'
exec_prefix='${prefix}'
fb303_home='/usr/local'
fb_home='/opt/scribe/libfacebook'
hadoop_home='/usr/lib/hadoop'
host_alias=''
htmldir='${docdir}'
includedir='${prefix}/include'
infodir='${datarootdir}/info'
install_sh='${SHELL} /opt/scribe/install-sh'
libdir='${exec_prefix}/lib'
libexecdir='${exec_prefix}/libexec'
localedir='${datarootdir}/locale'
localstatedir='${prefix}/var'
mandir='${datarootdir}/man'
mkdir_p='/bin/mkdir -p'
oldincludedir='/usr/include'
pdfdir='${docdir}'
prefix='/usr/local/scribe'
program_transform_name='s,x,x,'
psdir='${docdir}'
sbindir='${exec_prefix}/sbin'
sharedstatedir='${prefix}/com'
smc_home='/opt/scribe/services/trunk/src'
sysconfdir='${prefix}/etc'
target_alias=''
thrift_home='/usr/local'

## ----------- ##
## confdefs.h. ##
## ----------- ##

#define PACKAGE_NAME "scribe"
#define PACKAGE_TARNAME "scribe"
#define PACKAGE_VERSION "1.5.0"
#define PACKAGE_STRING "scribe 1.5.0"
#define PACKAGE_BUGREPORT ""
#define PACKAGE "scribe"
#define VERSION "1.5.0"
#define USE_SCRIBE_HDFS 1
#define HAVE_BOOST /**/
#define HAVE_BOOST_SYSTEM /**/
#define HAVE_BOOST_FILESYSTEM /**/

configure: exit 0
